{
  "stats": {
    "suites": 1,
    "tests": 1,
    "passes": 0,
    "pending": 0,
    "failures": 1,
    "start": "2025-04-25T12:48:40.513Z",
    "end": "2025-04-25T12:49:09.975Z",
    "duration": 29462,
    "testsRegistered": 1,
    "passPercent": 0,
    "pendingPercent": 0,
    "other": 0,
    "hasOther": false,
    "skipped": 0,
    "hasSkipped": false
  },
  "results": [
    {
      "uuid": "fc48286c-a6dc-4adc-a80f-5639d74d7884",
      "title": "",
      "fullFile": "cypress\\e2e\\Corrections test.cy.js",
      "file": "cypress\\e2e\\Corrections test.cy.js",
      "beforeHooks": [],
      "afterHooks": [],
      "tests": [],
      "suites": [
        {
          "uuid": "fb365a25-4393-489e-b109-9c7856a8b6d0",
          "title": "Testy TSS monitoringu",
          "fullFile": "",
          "file": "",
          "beforeHooks": [],
          "afterHooks": [],
          "tests": [
            {
              "title": "Korekcie a tankovania",
              "fullTitle": "Testy TSS monitoringu Korekcie a tankovania",
              "timedOut": null,
              "duration": 29138,
              "state": "failed",
              "speed": null,
              "pass": false,
              "fail": true,
              "pending": false,
              "context": null,
              "code": "//kontrola vytvárania editácie a mazania nákladov a servisnej knihy\nconst currentDate = new Date();\nconst formattedTime = currentDate.toLocaleString('sk-SK', {\n  day: '2-digit',\n  month: '2-digit',\n  year: 'numeric',\n  hour: '2-digit',\n  minute: '2-digit'\n});\nconst expectedDate = moment().format('DD.MM.YYYY'); // Aktuálny dátum\nconst expectedTime = '01:00'; // Očakávaný čas\nconst expectedCost = \"50.00 €\"; // Očakávaná cena\nconst expectedQuantity = \"50 l\"; //Očakávaný objem\ncy.get('#li-toolsmenu > [href=\"javascript:;\"]').scrollIntoView().click();\ncy.get(\"#corrections\").click();\ncy.get('#corrections_button_0', {\n  timeout: 10000\n}).should(\"be.visible\").click();\ncy.get('#edit_corrections_time', {\n  timeout: 10000\n}).type(\"01:00\");\ncy.get('#edit_corrections_tacho').type(\"112233\");\ncy.get('#edit_corrections_unit_id').click();\ncy.get('#search_grid_units_table_filter > label > input').type(\"FMC150 Test Mza\");\ncy.get('#search_grid_units_table > tbody > .odd > .fixed').should(\"have.text\", \"FMC150 Test Mza\").click();\ncy.get('#modal-success').click();\ncy.get('#costsnew', {\n  timeout: 10000\n}).scrollIntoView().click();\ncy.get('#costsnew_button_0', {\n  timeout: 10000\n}).click({\n  force: true\n});\ncy.get('#edit_drivers_unit', {\n  timeout: 10000\n}).click({\n  force: true\n});\ncy.get('#search_grid_units_table_filter > label > input').type(\"IL 942DE\");\ncy.get('#search_grid_units_table > tbody > .odd > .fixed').should(\"have.text\", \"IL 942DE\").click();\ncy.get('#edit_costsnew_time', {\n  timeout: 10000\n}).type(\"01:00\");\ncy.get('#edit_costsnew_quantity').type(\"50\");\ncy.get('#edit_costsnew_quantity_unit-helptext > .select2-container > .selection > .select2-selection > .select2-selection__arrow').click();\ncy.get('#select2-edit_costsnew_quantity_unit-results').children().last().click();\ncy.get('#edit_costsnew_price').type(\"50\");\ncy.get('#edit_costsnew_modules_currencys-helptext > .select2-container > .selection > .select2-selection > .select2-selection__arrow > b').click();\ncy.get(\"#select2-edit_costsnew_modules_currencys-results\").children().contains(\"€\").click();\ncy.get('#edit_costsnew_note').type(\"test\");\ncy.intercept('POST', 'https://www.tssmonitoring.sk/api/v1.3/FuelCardsDatas/create.json?f=FuelCardsDatas_create&callback=jQuery*').as('fueling');\ncy.get('#modal-success').click();\ncy.wait('@fueling').then(({\n  request,\n  response\n}) => {\n  expect(request.body).to.contain({\n    fk_unit_id: \"207834be-7ac5-434a-9f77-b9563fbe47d3\",\n    price_without_vat: \"40.65\",\n    quantity: \"50\",\n    price: \"50\",\n    note: \"test\",\n    fk_currency_id: \"df50e937-69c3-48fa-909a-7da762aeef99\"\n  }), expect(response.statusCode).to.eq(200);\n}), cy.get('#costsnew_table > tbody > .odd > .sorting_1').then($el => {\n  // Získa text z poľa\n  const formattedText = $el.text();\n  console.log(\"Formatted Text:\", formattedText);\n  //const formattedText = moment($el, 'HH:mm:DD.MM.YYYY').format('HH:mm DD.MM.YYYY');\n  // Rozdelím text na dátum a čas\n  const [datePart, timePart] = formattedText.split(' ');\n  console.log(\"Date Part:\", datePart);\n  console.log(\"Time Part:\", timePart);\n  // Overí, či dátum a čas zodpovedajú očakávaným hodnotám\n  expect(datePart).to.equal(expectedDate);\n  expect(timePart).to.equal(expectedTime);\n});\ncy.get('#costsnew_table > tbody > .odd > :nth-child(9)').should(\"have.text\", expectedQuantity);\ncy.get('#costsnew_table > tbody > .odd > :nth-child(11)').should(\"have.text\", expectedCost);\ncy.get('#costsnew_table > tbody > .odd > .dt-center > :nth-child(2)').click();\ncy.get('#modal-cancel').click().wait(2500);\ncy.get('#costsnew_table > tbody > .odd > .dt-center > :nth-child(3)').click();\ncy.get('#modal-success').click();\ncy.get('#service-books-v2').click();\ncy.get('#service-books-v2_unit_filter-text').scrollIntoView().should(\"be.visible\").and(\"have.attr\", \"placeholder\", \"Všetky vozidlá...\");\ncy.get('#filter_centers_service_book_v2-component').should(\"be.visible\");\ncy.get('#filter_centers_service_book_v2-component :nth-child(2)').should(\"have.text\", \"Stredisko / Lokalita: VšetkyVšetky\");\ncy.get('#filter_service_books_last-checkbox > .form-label').should(\"have.text\", \"Filter na dátum podľa posledného servisu\");\ncy.get('#filter_service_books_next-checkbox > .form-label').should(\"have.text\", \"Filter na dátum podľa najbližšieho servisu\");\ncy.get('#service_books-date_from-component > .form-label > b').should(\"have.text\", \"Začiatok obdobia\");\ncy.get('#service_books-date_to-component > .form-label > b').should(\"have.text\", \"Koniec obdobia\");\ncy.get('#service_books-date_from_next-component > .form-label > b').should(\"have.text\", \"Začiatok obdobia\");\ncy.get('#service_books-date_to_next-component > .form-label > b').should(\"have.text\", \"Koniec obdobia\");\ncy.get('#service_books-product_type_filter-component > .form-label > b').should(\"have.text\", \"Servisný úkon\");\ncy.get('#add-service-books-v2_button_search').should(\"have.text\", \"Načítať dáta podľa zvolených kritérií\");\ncy.get('#add-service-books-v2_button_reset').should(\"have.text\", \"Reset\");\ncy.get('#service-books-v2_button_0').scrollIntoView();\ncy.get('#service-books-v2_table_wrapper > .dataTables_scroll > .dataTables_scrollHead > .dataTables_scrollHeadInner > .table > thead > tr > [data-column-index=\"6\"]').should(\"have.text\", \"EČV\");\ncy.get('#service-books-v2_table_wrapper > .dataTables_scroll > .dataTables_scrollHead > .dataTables_scrollHeadInner > .table > thead > tr > [data-column-index=\"7\"]').should(\"have.text\", \"Názov vozidla\");\ncy.get('#service-books-v2_table_wrapper > .dataTables_scroll > .dataTables_scrollHead > .dataTables_scrollHeadInner > .table > thead > tr > [data-column-index=\"9\"]').should(\"have.text\", \"Posledný servis\");\ncy.get('#service-books-v2_table_wrapper > .dataTables_scroll > .dataTables_scrollHead > .dataTables_scrollHeadInner > .table > thead > tr > [data-column-index=\"10\"]').should(\"have.text\", \"Dátum najbližšieho servisu\");\ncy.get('#service-books-v2_table_wrapper > .dataTables_scroll > .dataTables_scrollHead > .dataTables_scrollHeadInner > .table > thead > tr > [data-column-index=\"11\"]').should(\"have.text\", \"Vykonať servis pri (km)\");\ncy.get('#service-books-v2_table_wrapper > .dataTables_scroll > .dataTables_scrollHead > .dataTables_scrollHeadInner > .table > thead > tr > [data-column-index=\"12\"]').should(\"have.text\", \"Miesto\");\ncy.get('#service-books-v2_table_wrapper > .dataTables_scroll > .dataTables_scrollHead > .dataTables_scrollHeadInner > .table > thead > tr > [data-column-index=\"13\"]').should(\"have.text\", \"Servisný úkon\");\ncy.get('#service-books-v2_table_wrapper > .dataTables_scroll > .dataTables_scrollHead > .dataTables_scrollHeadInner > .table > thead > tr > [data-column-index=\"14\"]').should(\"have.text\", \"Množstvo\");\ncy.get('#service-books-v2_table_wrapper > .dataTables_scroll > .dataTables_scrollHead > .dataTables_scrollHeadInner > .table > thead > tr > [data-column-index=\"15\"]').should(\"have.text\", \"Cena bez DPH\");\ncy.get('#service-books-v2_table_wrapper > .dataTables_scroll > .dataTables_scrollHead > .dataTables_scrollHeadInner > .table > thead > tr > [data-column-index=\"16\"]').should(\"have.text\", \"Cena s DPH\");\ncy.get('#service-books-v2_table_wrapper > .dataTables_scroll > .dataTables_scrollHead > .dataTables_scrollHeadInner > .table > thead > tr > [data-column-index=\"18\"]').should(\"have.text\", \"Zákazník\");\ncy.get('#service-books-v2_table_wrapper > .dataTables_scroll > .dataTables_scrollHead > .dataTables_scrollHeadInner > .table > thead > tr > [data-column-index=\"19\"]').should(\"have.text\", \"Spárované s nákladom\");\ncy.get('#service-books-v2_table_wrapper > .dataTables_scroll > .dataTables_scrollHead > .dataTables_scrollHeadInner > .table > thead > tr > .sorting_desc').should(\"have.text\", \"Vytvorené\");\ncy.get('#service-books-v2_button_0').click();\ncy.wait(2500);\ncy.get('#edit_service_books_unit').click();\ncy.get('#search_grid_units_table_filter > label > input').type(\"IL 942DE\");\ncy.get('#search_grid_units_table > tbody > .odd > .fixed').click();\ncy.get('#edit_service_books_time').type(\"01:00\");\ncy.get('#service_books-settings-tab-2_link').click();\ncy.get(\"#select2-edit_service_books_modules_products-container\").type(\"brzdy\");\ncy.get(\"#select2-edit_service_books_modules_products-results\").click();\ncy.get('#modal-success').click();\ncy.get('#service-books-v2_table > tbody > :nth-child(1) > :nth-child(3)').should(\"be.visible\").and(\"have.text\", \"IL 942DE\");\ncy.get('#service-books-v2_table > tbody > :nth-child(1) > :nth-child(4)').should(\"be.visible\").and(\"have.text\", \"Opel Insignia\");\ncy.get('#service-books-v2_table > tbody > :nth-child(1) > :nth-child(5)').then($el => {\n  // Získa text z poľa\n  const formattedText = $el.text();\n  console.log(\"Formatted Text:\", formattedText);\n  //const formattedText = moment($el, 'HH:mm:DD.MM.YYYY').format('HH:mm DD.MM.YYYY');\n  // Rozdelím text na dátum a čas\n  const [datePart, timePart] = formattedText.split(' ');\n  console.log(\"Date Part:\", datePart);\n  console.log(\"Time Part:\", timePart);\n  // Overí, či dátum a čas zodpovedajú očakávaným hodnotám\n  expect(datePart).to.equal(expectedDate);\n  expect(timePart).to.equal(expectedTime);\n});",
              "err": {
                "message": "AssertionError: Timed out retrying after 10000ms: Expected to find element: `#edit_costsnew_time`, but never found it.",
                "estack": "AssertionError: Timed out retrying after 10000ms: Expected to find element: `#edit_costsnew_time`, but never found it.\n    at Context.eval (webpack:///./cypress/e2e/Corrections test.cy.js:77:11)",
                "diff": null
              },
              "uuid": "13d9a2dc-90ba-4107-95dd-584a07b504a2",
              "parentUUID": "fb365a25-4393-489e-b109-9c7856a8b6d0",
              "isHook": false,
              "skipped": false
            }
          ],
          "suites": [],
          "passes": [],
          "failures": [
            "13d9a2dc-90ba-4107-95dd-584a07b504a2"
          ],
          "pending": [],
          "skipped": [],
          "duration": 29138,
          "root": false,
          "rootEmpty": false,
          "_timeout": 2000
        }
      ],
      "passes": [],
      "failures": [],
      "pending": [],
      "skipped": [],
      "duration": 0,
      "root": true,
      "rootEmpty": true,
      "_timeout": 2000
    }
  ],
  "meta": {
    "mocha": {
      "version": "7.0.1"
    },
    "mochawesome": {
      "options": {
        "quiet": false,
        "reportFilename": "mochawesome",
        "saveHtml": false,
        "saveJson": true,
        "consoleReporter": "spec",
        "useInlineDiffs": false,
        "code": true
      },
      "version": "7.1.3"
    },
    "marge": {
      "options": {
        "reportDir": "e2e/reports",
        "overwrite": false,
        "html": false,
        "json": true,
        "embeddedScreenshots": true,
        "inlineAssets": true
      },
      "version": "6.2.0"
    }
  }
}