{
  "stats": {
    "suites": 1,
    "tests": 1,
    "passes": 0,
    "pending": 0,
    "failures": 1,
    "start": "2025-04-25T11:58:52.685Z",
    "end": "2025-04-25T11:59:21.778Z",
    "duration": 29093,
    "testsRegistered": 1,
    "passPercent": 0,
    "pendingPercent": 0,
    "other": 0,
    "hasOther": false,
    "skipped": 0,
    "hasSkipped": false
  },
  "results": [
    {
      "uuid": "664a3bc1-d0c6-4dad-b6ad-a04a923172b3",
      "title": "",
      "fullFile": "cypress\\e2e\\online.cy.js",
      "file": "cypress\\e2e\\online.cy.js",
      "beforeHooks": [],
      "afterHooks": [],
      "tests": [],
      "suites": [
        {
          "uuid": "d0139b21-fa93-4b69-b197-70d1e1ce4a95",
          "title": "Testy TSS monitoringu",
          "fullFile": "",
          "file": "",
          "beforeHooks": [],
          "afterHooks": [],
          "tests": [
            {
              "title": "Kontrola noviniek na stránke",
              "fullTitle": "Testy TSS monitoringu Kontrola noviniek na stránke",
              "timedOut": null,
              "duration": 28762,
              "state": "failed",
              "speed": null,
              "pass": false,
              "fail": true,
              "pending": false,
              "context": null,
              "code": "cy.get('body').then($body => {\n  if ($body.find('#id_news_users_modal_content').length > 0) {\n    // element existuje urobím assertion a odkliknem novinky\n    cy.get('#id_news_users_modal_content').should('be.visible');\n    cy.get('.confirm-modal-close').click();\n  } else {\n    // element sa na stránke nenachádza , test pokračuje ďalej \n    cy.log('#id_news_users_modal_content');\n  }\n});\ncy.get(\"#main_menu_search\").should(\"be.visible\").and(\"have.attr\", \"placeholder\", \"Vyhľadávanie\").type(\"Online\");\ncy.get(\"#main-menu-wrapper\").children().should('have.length', 3);\ncy.get(\".fa-remove\").should(\"be.visible\").and(\"have.attr\", \"onclick\", \"clear_search_bar();\").click();\ncy.get(\"#main-menu-wrapper li.favorites > a \").should(\"have.text\", \"Obľúbené\").and('have.css', 'background-color', 'rgb(89, 89, 89)');\n//označenie elementu a použitie funkcie .then()na extrakciu \"outerText\" a porovnanie s očakávaným textom\ncy.get('#li-online-menu').then($el => {\n  const outerText = $el[0].outerText;\n  expect(outerText).to.equal('Online');\n});\ncy.get('#li-online-menu').click();\ncy.get('#gps_map_main').should(\"be.visible\").children().should(\"have.length\", 3);\ncy.get(\"#gps_map_main\").click();\ncy.get('#units-online-search').should(\"have.attr\", \"placeholder\", \"Hľadať vozidlo / osobu\").type(\"942DE\");\ncy.intercept({\n  method: 'POST',\n  url: \"https://www.tssmonitoring.sk/api/v1.3/onlines/events.json?f=onlines_events&callback=jQuery*\"\n}).as(\"apiRequest\");\ncy.contains(\"Opel Insignia\").click();\ncy.wait('@apiRequest').then(interception => {\n  assert.isNotNull(interception.response.body, 'API response is not null');\n  expect(interception.response.statusCode).to.equal(200);\n  cy.get('#units-drives-calendar-toggle > .fa-calendar').should(\"be.visible\").click();\n  cy.get('#units-drives-calendar-toggle-datepicker-calendar-parent > .daterangepicker').should(\"be.visible\");\n  cy.get('#units-drives-calendar-toggle-datepicker-calendar-parent > .daterangepicker').should(\"be.visible\");\n  cy.get('.left > .calendar-table > .table-condensed > thead > :nth-child(1) > .month > .monthselect').select(2);\n  cy.get(\"#units-online-title\").should(\"be.visible\").should(\"have.text\", \"Späť na všetky vozidlá\").and(\"have.css\", \"background-color\", \"rgb(233, 30, 99)\");\n  cy.intercept({\n    method: 'POST',\n    url: \"https://www.tssmonitoring.sk/api/v1.3/userGrids/read.json?f=userGrids_read&callback=jQuery*\"\n  }).as(\"apiRequest\");\n  cy.get('#gps_units_online_new').click();\n  cy.wait('@apiRequest').then(interception => {\n    assert.isNotNull(interception.response.body, 'API response is not null');\n    expect(interception.response.statusCode).to.equal(200);\n    cy.get('#gps_units_online_new_main_button_refresh').then($el => {\n      const outerText = $el[0].outerText;\n      expect(outerText).to.equal(\" Obnoviť\");\n      cy.get('#gps_units_online_new_filter_IGN').children().should(\"have.length\", \"4\");\n      cy.get(\"#gps_units_online_new_filter_inspections\").children().should(\"have.length\", \"5\");\n      cy.get('#gps_units_online_new_columns').then($el => {\n        const outerText = $el[0].outerText;\n        expect(outerText).to.equal(\" Vyp./Zap. stĺpce\");\n        $el.click();\n        cy.get('#gps_units_online_new_column_chooser_modal').should(\"be.visible\").children().should(\"have.length\", 4).and(\"have.css\", \"background-color\", \"rgba(0, 0, 0, 0)\");\n        cy.get('#gps_units_online_new_column_chooser_ul_left').should(\"be.visible\").children().should(\"have.length\", 12);\n        cy.get('#gps_units_online_new_column_chooser_ul_right').should(\"be.visible\").children().should(\"have.length\", 12);\n        cy.get('#gps_units_online_new_close_column_chooser_modal > .fa').click();\n        cy.get('[data-search=\"#E91E63\"]').click();\n        cy.get('#gps_units_online_new_table').find(\".fa-globe\").eq(1).click();\n        cy.get('#gps_units_online_new_map').should(\"be.visible\");\n        cy.get('#gps_units_online_new_info').should(\"be.visible\");\n        cy.get('#gps_units_online_new_info > :nth-child(2)').should(\"be.visible\").and(\"have.text\", \"EČV : IL 942DE \");\n        cy.get('#gps_units_online_new_info > :nth-child(3)').should(\"be.visible\").and(\"have.text\", \"Meno vodiča : test mza mza \");\n        cy.get('#gps_units_online_new_close_map > .fa').click();\n        cy.get('#gps_units_online_new_filter_IGN  > :nth-child(1)').should(\"be.visible\").click();\n        cy.get('#gps_units_online_new_filter_inspections > :nth-child(3)').should(\"be.visible\").click();\n        cy.get('.even > .gps_units_online_new_input_name_column > [style=\"width:100%; min-width:310px; text-align: left;  cursor: default;\"] > [style=\"float: right; z-index: 0; font-size: 15px;\"] > .fa-leaf').should('have.css', 'color', 'rgb(250, 130, 104)');\n        cy.get('.even > .gps_units_online_new_input_name_column > [style=\"width:100%; min-width:310px; text-align: left;  cursor: default;\"] > .dropdown > .fa').click();\n        cy.intercept({\n          method: 'POST',\n          url: \"https://www.tssmonitoring.sk/api/v1.3/units/index.json?_mode=DataTables&is_archived=0&is_deleted=0&callback=jQuery*\"\n        }).as(\"apiRequest\");\n        cy.get('.even > .gps_units_online_new_input_name_column > [style=\"width:100%; min-width:310px; text-align: left;  cursor: default;\"] > .dropdown > .dropdown-menu  > :nth-child(1)').click();\n        cy.wait('@apiRequest').then(interception => {\n          assert.isNotNull(interception.response.body, 'API response is not null');\n          expect(interception.response.statusCode).to.equal(200);\n          cy.wait(6400);\n          cy.get(\"#units-info-basic-tab-1\").should(\"be.visible\").children().should(\"have.length\", 17);\n          cy.intercept({\n            method: 'POST',\n            url: \"https://www.tssmonitoring.sk/api/v1.3/units/releaseLock.json?f=units_releaseLock&callback=jQuery*\"\n          }).as(\"apiRequest\");\n          cy.get('#modal-cancel').click();\n          cy.wait('@apiRequest').then(interception => {\n            assert.isNotNull(interception.response.body, 'API response is not null');\n            expect(interception.response.statusCode).to.equal(200);\n            cy.get('#gps_units_online_new_filter_inspections > :nth-child(1)').should(\"be.visible\").click();\n            cy.get('#gps_units_online_new_table > tbody').children().should(\"have.length\", 10);\n            cy.get(':nth-child(7) > .gps_units_online_new_input_name_column > [style=\"width:100%; min-width:310px; text-align: left;  cursor: default;\"] > .dropdown > .fa').click();\n            cy.intercept({\n              method: 'POST',\n              url: \"https://www.tssmonitoring.sk/api/v1.3/UnitNotifications/index.json?_mode=DataTables&callback=jQuery*\"\n            }).as(\"apiRequest\");\n            cy.wait('@apiRequest').then(interception => {\n              assert.isNotNull(interception.response.body, 'API response is not null');\n              expect(interception.response.statusCode).to.equal(200);\n              cy.get('#unit-notifications').click();\n              cy.get(\"#unit-notifications_table_wrapper\").children().should(\"have.length\", 4);\n            });\n          });\n        });\n      });\n    });\n  });\n});",
              "err": {
                "message": "AssertionError: Timed out retrying after 4000ms: expected '<div>' to have text 'Meno vodiča : test mza mza ', but the text was 'Meno vodiča :  test '",
                "estack": "AssertionError: Timed out retrying after 4000ms: expected '<div>' to have text 'Meno vodiča : test mza mza ', but the text was 'Meno vodiča :  test '\n    at Context.eval (webpack:///./cypress/e2e/online.cy.js:142:10)",
                "diff": "- 'Meno vodiča :  test '\n+ 'Meno vodiča : test mza mza '\n"
              },
              "uuid": "b8bfc127-90d2-45c9-a729-0fc15dd31eb3",
              "parentUUID": "d0139b21-fa93-4b69-b197-70d1e1ce4a95",
              "isHook": false,
              "skipped": false
            }
          ],
          "suites": [],
          "passes": [],
          "failures": [
            "b8bfc127-90d2-45c9-a729-0fc15dd31eb3"
          ],
          "pending": [],
          "skipped": [],
          "duration": 28762,
          "root": false,
          "rootEmpty": false,
          "_timeout": 2000
        }
      ],
      "passes": [],
      "failures": [],
      "pending": [],
      "skipped": [],
      "duration": 0,
      "root": true,
      "rootEmpty": true,
      "_timeout": 2000
    }
  ],
  "meta": {
    "mocha": {
      "version": "7.0.1"
    },
    "mochawesome": {
      "options": {
        "quiet": false,
        "reportFilename": "mochawesome",
        "saveHtml": false,
        "saveJson": true,
        "consoleReporter": "spec",
        "useInlineDiffs": false,
        "code": true
      },
      "version": "7.1.3"
    },
    "marge": {
      "options": {
        "reportDir": "e2e/reports",
        "overwrite": false,
        "html": false,
        "json": true,
        "embeddedScreenshots": true,
        "inlineAssets": true
      },
      "version": "6.2.0"
    }
  }
}