{
  "stats": {
    "suites": 1,
    "tests": 1,
    "passes": 1,
    "pending": 0,
    "failures": 0,
    "start": "2025-05-14T06:41:27.028Z",
    "end": "2025-05-14T06:41:37.758Z",
    "duration": 10730,
    "testsRegistered": 1,
    "passPercent": 100,
    "pendingPercent": 0,
    "other": 0,
    "hasOther": false,
    "skipped": 0,
    "hasSkipped": false
  },
  "results": [
    {
      "uuid": "baff57d8-5db3-4000-bea3-70a4807dd3a6",
      "title": "",
      "fullFile": "cypress\\e2e\\Login test.cy.js",
      "file": "cypress\\e2e\\Login test.cy.js",
      "beforeHooks": [],
      "afterHooks": [],
      "tests": [],
      "suites": [
        {
          "uuid": "617be6ba-4bb0-4d43-907a-18d9d33a22a6",
          "title": "Testy TSS monitoringu",
          "fullFile": "",
          "file": "",
          "beforeHooks": [],
          "afterHooks": [],
          "tests": [
            {
              "title": "Login and handle news modal",
              "fullTitle": "Testy TSS monitoringu Login and handle news modal",
              "timedOut": null,
              "duration": 9069,
              "state": "passed",
              "speed": "medium",
              "pass": true,
              "fail": false,
              "pending": false,
              "context": null,
              "code": "// Handle news modal if present\ncy.get('body').then($body => {\n  if ($body.find('#id_news_users_modal_content').length > 0) {\n    cy.get('#id_news_users_modal_content').should('be.visible');\n    cy.get('.confirm-modal-close').click();\n  } else {\n    cy.log('#id_news_users_modal_content not found');\n  }\n});\n// Verify dashboard element\ncy.get('#mainboard-content-body').should('be.visible');",
              "err": {},
              "uuid": "b93339b8-5053-440d-9b66-d17ca02962f4",
              "parentUUID": "617be6ba-4bb0-4d43-907a-18d9d33a22a6",
              "isHook": false,
              "skipped": false
            }
          ],
          "suites": [],
          "passes": [
            "b93339b8-5053-440d-9b66-d17ca02962f4"
          ],
          "failures": [],
          "pending": [],
          "skipped": [],
          "duration": 9069,
          "root": false,
          "rootEmpty": false,
          "_timeout": 2000
        }
      ],
      "passes": [],
      "failures": [],
      "pending": [],
      "skipped": [],
      "duration": 0,
      "root": true,
      "rootEmpty": true,
      "_timeout": 2000
    }
  ],
  "meta": {
    "mocha": {
      "version": "7.0.1"
    },
    "mochawesome": {
      "options": {
        "quiet": false,
        "reportFilename": "mochawesome",
        "saveHtml": true,
        "saveJson": true,
        "consoleReporter": "spec",
        "useInlineDiffs": false,
        "code": true
      },
      "version": "7.1.3"
    },
    "marge": {
      "options": {
        "reportDir": "cypress/reports",
        "overwrite": false,
        "html": true,
        "json": true,
        "embeddedScreenshots": true,
        "inlineAssets": true
      },
      "version": "6.2.0"
    }
  }
}