{
  "stats": {
    "suites": 1,
    "tests": 1,
    "passes": 0,
    "pending": 0,
    "failures": 1,
    "start": "2025-04-25T13:06:19.193Z",
    "end": "2025-04-25T13:06:50.203Z",
    "duration": 31010,
    "testsRegistered": 1,
    "passPercent": 0,
    "pendingPercent": 0,
    "other": 0,
    "hasOther": false,
    "skipped": 0,
    "hasSkipped": false
  },
  "results": [
    {
      "uuid": "824600ef-2f4d-48ed-9fcf-4c19fcdf1a0d",
      "title": "",
      "fullFile": "cypress\\e2e\\Administration test.cy.js",
      "file": "cypress\\e2e\\Administration test.cy.js",
      "beforeHooks": [],
      "afterHooks": [],
      "tests": [],
      "suites": [
        {
          "uuid": "3544a3af-e9b0-4dee-a8aa-b3c0794fd95d",
          "title": "Testy TSS monitoringu",
          "fullFile": "",
          "file": "",
          "beforeHooks": [],
          "afterHooks": [],
          "tests": [
            {
              "title": "Administration",
              "fullTitle": "Testy TSS monitoringu Administration",
              "timedOut": null,
              "duration": 30747,
              "state": "failed",
              "speed": null,
              "pass": false,
              "fail": true,
              "pending": false,
              "context": null,
              "code": "//kontrola viditeľnosti elemntov a ich textu\ncy.get('body').then($body => {\n  if ($body.find('#id_news_users_modal_content').length > 0) {\n    // element existuje urobím assertion a odkliknem novinky\n    cy.get('#id_news_users_modal_content').should('be.visible');\n    cy.get('.confirm-modal-close').click();\n  } else {\n    // element sa na stránke nenachádza , test pokračuje ďalej \n    cy.log('#id_news_users_modal_content');\n  }\n  //kontrola vytorenia testovacieho uživateľa priradenie práv a vozidiel\n  cy.get('#li-object > [href=\"javascript:;\"]').should(\"be.visible\").click();\n  cy.get('#users').should(\"be.visible\").click();\n  cy.get('#users_button_0').should(\"be.visible\").click();\n  cy.get('#edit_users_username').type(\"testuser\");\n  cy.get('#edit_users_password').type(\"testuser\");\n  cy.get('#edit_users_reset_on_login-helptext > .switchery').click();\n  cy.get('#edit_users_email').type(\"hello@hello.com\");\n  cy.get('#edit_users_role').click();\n  cy.get('#search_grid_roles_table > tbody > :nth-child(1) > .fixed').click();\n  cy.get('#edit_users_supervisor').click();\n  cy.get('#search_grid_users_with_profiles_table_filter > label > input').type(\"mza\");\n  cy.get('#search_grid_users_with_profiles_table > tbody > :nth-child(1) > .fixed').should(\"have.text\", \"mza\").click();\n  cy.get('#users-info-tab-2_link').should(\"be.visible\").and(\"have.text\", \"Profil\").click();\n  cy.get('#edit_users_profile_surname').type(\"surname\");\n  cy.get('#edit_users_profile_name').type(\"name\");\n  cy.get('#edit_users_profile_phone').type(\"0900000000\");\n  cy.get('#edit_users_profile_note').type(\"testovacia poznámka k užívateľovi ktorého vytváram 100% v Cypress teste\");\n  cy.get('#users-info-tab-3_link').click();\n  cy.get('#select2-edit_users_language-container', {\n    timeout: 5000\n  }).click();\n  cy.get('#select2-edit_users_language-results > :nth-child(1)').should(\"be.visible\").and(\"have.text\", \"Čeština\").click();\n  cy.get('#update_user_can_approve_driving-helptext > .switchery').click();\n  cy.get('#update_user_prepare_to_rent-helptext > .switchery').click();\n  cy.get('#modal-success').click();\n  cy.get('#users_table_filter > label > input', {\n    timeout: 5000\n  }).click().type(\"testuser\");\n  cy.get('#users_table > tbody > :nth-child(1) > :nth-child(2)').should(\"have.text\", \"testuser\");\n  cy.get('#users_table > tbody > :nth-child(1) > :nth-child(4)').should(\"have.text\", 'Zákazník - administrátor');\n  cy.get('.dt-center > :nth-child(4)').should(\"be.visible\").click();\n  //vymazanie užívateľa + kontrola API requestu\n  cy.intercept({\n    method: 'POST',\n    url: \"https://tssmonitoring.sk/api/v1.3/users/delete.json?f=users_delete&callback=jQuery*\"\n  }).as(\"apiRequest\");\n  cy.get('#modal-success').click();\n  cy.wait('@apiRequest').then(interception => {\n    assert.isNotNull(interception.response.body, 'API response is not null');\n    expect(interception.response.statusCode).to.equal(200);\n  });\n});",
              "err": {
                "message": "CypressError: Timed out retrying after 5000ms: `cy.wait()` timed out waiting `5000ms` for the 1st request to the route: `apiRequest`. No request ever occurred.\n\nhttps://on.cypress.io/wait",
                "estack": "CypressError: Timed out retrying after 5000ms: `cy.wait()` timed out waiting `5000ms` for the 1st request to the route: `apiRequest`. No request ever occurred.\n\nhttps://on.cypress.io/wait\n    at cypressErr (https://www.tssmonitoring.sk/__cypress/runner/cypress_runner.js:76101:18)\n    at Object.errByPath (https://www.tssmonitoring.sk/__cypress/runner/cypress_runner.js:76155:10)\n    at checkForXhr (https://www.tssmonitoring.sk/__cypress/runner/cypress_runner.js:135395:84)\n    at <unknown> (https://www.tssmonitoring.sk/__cypress/runner/cypress_runner.js:135421:28)\n    at tryCatcher (https://www.tssmonitoring.sk/__cypress/runner/cypress_runner.js:1807:23)\n    at Promise.attempt.Promise.try (https://www.tssmonitoring.sk/__cypress/runner/cypress_runner.js:4315:29)\n    at whenStable (https://www.tssmonitoring.sk/__cypress/runner/cypress_runner.js:143797:68)\n    at <unknown> (https://www.tssmonitoring.sk/__cypress/runner/cypress_runner.js:143738:14)\n    at tryCatcher (https://www.tssmonitoring.sk/__cypress/runner/cypress_runner.js:1807:23)\n    at Promise._settlePromiseFromHandler (https://www.tssmonitoring.sk/__cypress/runner/cypress_runner.js:1519:31)\n    at Promise._settlePromise (https://www.tssmonitoring.sk/__cypress/runner/cypress_runner.js:1576:18)\n    at Promise._settlePromise0 (https://www.tssmonitoring.sk/__cypress/runner/cypress_runner.js:1621:10)\n    at Promise._settlePromises (https://www.tssmonitoring.sk/__cypress/runner/cypress_runner.js:1701:18)\n    at Promise._fulfill (https://www.tssmonitoring.sk/__cypress/runner/cypress_runner.js:1645:18)\n    at <unknown> (https://www.tssmonitoring.sk/__cypress/runner/cypress_runner.js:5450:46)\nFrom Your Spec Code:\n    at Context.eval (webpack:///./cypress/e2e/Administration test.cy.js:110:3)",
                "diff": null
              },
              "uuid": "3641104a-353f-441b-9878-2af848817a74",
              "parentUUID": "3544a3af-e9b0-4dee-a8aa-b3c0794fd95d",
              "isHook": false,
              "skipped": false
            }
          ],
          "suites": [],
          "passes": [],
          "failures": [
            "3641104a-353f-441b-9878-2af848817a74"
          ],
          "pending": [],
          "skipped": [],
          "duration": 30747,
          "root": false,
          "rootEmpty": false,
          "_timeout": 2000
        }
      ],
      "passes": [],
      "failures": [],
      "pending": [],
      "skipped": [],
      "duration": 0,
      "root": true,
      "rootEmpty": true,
      "_timeout": 2000
    }
  ],
  "meta": {
    "mocha": {
      "version": "7.0.1"
    },
    "mochawesome": {
      "options": {
        "quiet": false,
        "reportFilename": "mochawesome",
        "saveHtml": false,
        "saveJson": true,
        "consoleReporter": "spec",
        "useInlineDiffs": false,
        "code": true
      },
      "version": "7.1.3"
    },
    "marge": {
      "options": {
        "reportDir": "cypress/reports",
        "overwrite": false,
        "html": false,
        "json": true,
        "embeddedScreenshots": true,
        "inlineAssets": true
      },
      "version": "6.2.0"
    }
  }
}