{
  "stats": {
    "suites": 1,
    "tests": 1,
    "passes": 1,
    "pending": 0,
    "failures": 0,
    "start": "2025-05-14T06:39:40.640Z",
    "end": "2025-05-14T06:40:15.306Z",
    "duration": 34666,
    "testsRegistered": 1,
    "passPercent": 100,
    "pendingPercent": 0,
    "other": 0,
    "hasOther": false,
    "skipped": 0,
    "hasSkipped": false
  },
  "results": [
    {
      "uuid": "5155c48c-579a-4ab7-9951-9c99cf5de971",
      "title": "",
      "fullFile": "cypress\\e2e\\Administration test.cy.js",
      "file": "cypress\\e2e\\Administration test.cy.js",
      "beforeHooks": [],
      "afterHooks": [],
      "tests": [],
      "suites": [
        {
          "uuid": "56d4e53a-d10e-4319-80cc-19305dbd9c14",
          "title": "Testy TSS monitoringu",
          "fullFile": "",
          "file": "",
          "beforeHooks": [],
          "afterHooks": [],
          "tests": [
            {
              "title": "Administration",
              "fullTitle": "Testy TSS monitoringu Administration",
              "timedOut": null,
              "duration": 34244,
              "state": "passed",
              "speed": "slow",
              "pass": true,
              "fail": false,
              "pending": false,
              "context": null,
              "code": "// Handle news modal if present\ncy.get('body').then($body => {\n  if ($body.find('#id_news_users_modal_content').length > 0) {\n    cy.get('#id_news_users_modal_content').should('be.visible');\n    cy.get('.confirm-modal-close').click();\n  } else {\n    cy.log('#id_news_users_modal_content not found');\n  }\n});\n// Navigate to Users section\ncy.get('#li-object > [href=\"javascript:;\"]').should(\"be.visible\").click();\ncy.get('#users').should(\"be.visible\").click();\n// Create a new user\ncy.get('#users_button_0').should(\"be.visible\").click();\ncy.get('#edit_users_username').type(\"testuser\");\ncy.get('#edit_users_password').type(\"testuser\");\ncy.get('#edit_users_reset_on_login-helptext > .switchery').click();\ncy.get('#edit_users_email').type(\"hello@hello.com\");\n// Assign role and supervisor\ncy.get('#edit_users_role').click();\ncy.get('#search_grid_roles_table > tbody > :nth-child(1) > .fixed').click();\ncy.get('#edit_users_supervisor').click();\ncy.get('#search_grid_users_with_profiles_table_filter > label > input').type(\"mza\");\ncy.get('#search_grid_users_with_profiles_table > tbody > :nth-child(1) > .fixed').should(\"have.text\", \"mza\").click();\n// Fill in user profile details\ncy.get('#users-info-tab-2_link').should(\"be.visible\").and(\"have.text\", \"Profil\").click();\ncy.get('#edit_users_profile_surname').type(\"surname\");\ncy.get('#edit_users_profile_name').type(\"name\");\ncy.get('#edit_users_profile_phone').type(\"0900000000\");\ncy.get('#edit_users_profile_note').type(\"Testovací poznámka k užívateľovi vytvorenému v Cypress teste\");\n// Assign language and permissions\ncy.get('#users-info-tab-3_link').click();\ncy.get('#select2-edit_users_language-container', {\n  timeout: 5000\n}).click();\ncy.get('#select2-edit_users_language-results > :nth-child(1)').should(\"be.visible\").and(\"have.text\", \"Čeština\").click();\ncy.get('#update_user_can_approve_driving-helptext > .switchery').click();\ncy.get('#update_user_prepare_to_rent-helptext > .switchery').click();\n// Save the user\ncy.get('#modal-success').click();\n// Verify the user in the table\ncy.get('#users_table_filter > label > input', {\n  timeout: 5000\n}).click().type(\"testuser\");\ncy.get('#users_table > tbody > :nth-child(1) > :nth-child(2)').should(\"have.text\", \"testuser\");\ncy.get('#users_table > tbody > :nth-child(1) > :nth-child(4)').should(\"have.text\", 'Zákazník - administrátor');",
              "err": {},
              "uuid": "c55637c6-9531-4a97-be6f-c6cf7358b0be",
              "parentUUID": "56d4e53a-d10e-4319-80cc-19305dbd9c14",
              "isHook": false,
              "skipped": false
            }
          ],
          "suites": [],
          "passes": [
            "c55637c6-9531-4a97-be6f-c6cf7358b0be"
          ],
          "failures": [],
          "pending": [],
          "skipped": [],
          "duration": 34244,
          "root": false,
          "rootEmpty": false,
          "_timeout": 2000
        }
      ],
      "passes": [],
      "failures": [],
      "pending": [],
      "skipped": [],
      "duration": 0,
      "root": true,
      "rootEmpty": true,
      "_timeout": 2000
    }
  ],
  "meta": {
    "mocha": {
      "version": "7.0.1"
    },
    "mochawesome": {
      "options": {
        "quiet": false,
        "reportFilename": "mochawesome",
        "saveHtml": true,
        "saveJson": true,
        "consoleReporter": "spec",
        "useInlineDiffs": false,
        "code": true
      },
      "version": "7.1.3"
    },
    "marge": {
      "options": {
        "reportDir": "cypress/reports",
        "overwrite": false,
        "html": true,
        "json": true,
        "embeddedScreenshots": true,
        "inlineAssets": true
      },
      "version": "6.2.0"
    }
  }
}