{
  "stats": {
    "suites": 1,
    "tests": 1,
    "passes": 0,
    "pending": 0,
    "failures": 1,
    "start": "2025-05-14T06:41:42.084Z",
    "end": "2025-05-14T06:42:06.615Z",
    "duration": 24531,
    "testsRegistered": 1,
    "passPercent": 0,
    "pendingPercent": 0,
    "other": 0,
    "hasOther": false,
    "skipped": 0,
    "hasSkipped": false
  },
  "results": [
    {
      "uuid": "bde28332-95cf-4640-a633-83fe5744026e",
      "title": "",
      "fullFile": "cypress\\e2e\\Reservations.cy.js",
      "file": "cypress\\e2e\\Reservations.cy.js",
      "beforeHooks": [],
      "afterHooks": [],
      "tests": [],
      "suites": [
        {
          "uuid": "28cb6953-6ec7-4a86-b727-8e9da60ed426",
          "title": "Testy TSS monitoringu",
          "fullFile": "",
          "file": "",
          "beforeHooks": [],
          "afterHooks": [],
          "tests": [
            {
              "title": "Kontrola rezervačného systému",
              "fullTitle": "Testy TSS monitoringu Kontrola rezervačného systému",
              "timedOut": null,
              "duration": 24197,
              "state": "failed",
              "speed": null,
              "pass": false,
              "fail": true,
              "pending": false,
              "context": null,
              "code": "// Verify reservation system menu\ncy.get('#li-rentcar > [href=\"javascript:;\"]').should(\"be.visible\").and(\"have.text\", \"Rezervačný systém\").click();\ncy.get(\"#rentcar\").children().should(\"have.length\", 7);\nconst menuItems = [{\n  selector: '#rent_cars_prepare_v2',\n  text: \"Autopožičovňa - priprave...\"\n}, {\n  selector: '#rent_cars_requests_for_me_v2',\n  text: \"Autopožičovňa - schvaľov...\"\n}, {\n  selector: '#rent-cars-reports',\n  text: \"Autopožičovňa reporty\"\n}, {\n  selector: '#busportals',\n  text: \"Autobusy rezervácie\"\n}, {\n  selector: '#rent_cars_my_requests_v2',\n  text: \"Autopožičovňa - moje žia...\"\n}, {\n  selector: '#rent_cars_v2',\n  text: \"Autopožičovňa\"\n}, {\n  selector: '#taxiportals',\n  text: \"Taxislužba\"\n}];\nmenuItems.forEach(item => {\n  cy.get(item.selector).should(\"be.visible\").and(\"have.text\", item.text);\n});\n// Verify \"Pripravenie vozidla\" section\ncy.get('#rent_cars_prepare_v2').click();\ncy.get('#rent_cars_prepare_v2_panel > section.box > .panel_header > .title').should(\"be.visible\").and(\"have.text\", \"Pripravenie vozidla\");\ncy.get('#rent_cars_prepare_v2_table').should(\"be.visible\");\n// Verify \"Schvaľovanie žiadostí\" section\ncy.get('#rent_cars_requests_for_me_v2').click();\ncy.get('#rent_cars_requests_for_me_v2_panel > section.box > .panel_header > .title').should(\"be.visible\").and(\"have.text\", \"Schvaľovanie žiadostí\");\nconst filters = [{\n  selector: '#filter_timeline_calendar_rent_cars_requests_for_me_v2-checkbox > .form-label',\n  text: \"Časová os\"\n}, {\n  selector: '#filter_calendar_rent_cars_requests_for_me_v2-checkbox > .form-label',\n  text: \"Kalendár\"\n}];\nfilters.forEach(filter => {\n  cy.get(filter.selector).should(\"be.visible\").and(\"have.text\", filter.text);\n});\ncy.get('#filter_timeline_calendar_rent_cars_requests_for_me_v2-helptext > .switchery').click();\ncy.get('.vis-timeline').should(\"be.visible\");\nconst timelineButtons = ['#edit_rent_cars_requests_for_me_v2_timeline_moveToReservation > span', '#edit_rent_cars_requests_for_me_v2_timeline_moveToday', '#edit_rent_cars_requests_for_me_v2_timeline_zoomToday', '#edit_rent_cars_requests_for_me_v2_timeline_zoomWeek'];\ntimelineButtons.forEach(button => {\n  cy.get(button).should(\"be.visible\");\n});\n// Intercept and validate API call\ncy.intercept({\n  method: 'POST',\n  url: \"https://www.tssmonitoring.sk/api/v1.3/RentCars/read.json?f=RentCars_read&callback=jQuery*\"\n}).as(\"apiRequest\");\ncy.get('#rent_cars_requests_for_me_v2_table > tbody > :nth-child(1) > .dt-center > :nth-child(2)').scrollIntoView().click();\ncy.wait('@apiRequest').then(interception => {\n  assert.isNotNull(interception.response.body, 'API response is not null');\n  expect(interception.response.statusCode).to.equal(200);\n});\n// Verify reservation details\nconst reservationDetails = [{\n  selector: '#edit_rent_cars_driver_id-search > .form-label',\n  text: \"Vodiči\"\n}, {\n  selector: '#edit_rent_cars_location-component > .form-label',\n  text: \"Stredisko / Lokalita\"\n}, {\n  selector: '#edit_rent_cars_date-component > .form-label',\n  text: \"Dátum požičania\"\n}, {\n  selector: '#edit_rent_cars_time-component > .form-label',\n  text: \"Čas požičania\"\n}, {\n  selector: '#edit_rent_cars_date_return-component > .form-label',\n  text: \"Dátum vrátenia\"\n}, {\n  selector: '#edit_rent_cars_time_return-component > .form-label',\n  text: \"Čas vrátenia\"\n}];\nreservationDetails.forEach(detail => {\n  cy.get(detail.selector).scrollIntoView().should(\"be.visible\").and(\"have.text\", detail.text);\n});\ncy.get('#edit_rent_cars_date').should(\"be.visible\").and(\"have.value\", moment().format('DD.MM.YYYY'));\ncy.get('#edit_rent_cars_time').should(\"be.visible\").and(\"have.value\", \"11:15\");\ncy.get('#edit_rent_cars_date_return').should(\"be.visible\").and(\"have.value\", moment().format('DD.MM.YYYY'));\ncy.get('#edit_rent_cars_time_return').should(\"be.visible\").and(\"have.value\", \"12:00\");\ncy.get('#modal-cancel').scrollIntoView().should(\"be.visible\").click();",
              "err": {
                "message": "AssertionError: Timed out retrying after 4000ms: expected '<input#edit_rent_cars_date.form-control.daterange>' to have value '14.05.2025', but the value was '25.04.2025'",
                "estack": "AssertionError: Timed out retrying after 4000ms: expected '<input#edit_rent_cars_date.form-control.daterange>' to have value '14.05.2025', but the value was '25.04.2025'\n    at Context.eval (webpack:///./cypress/e2e/Reservations.cy.js:131:11)",
                "diff": "- '25.04.2025'\n+ '14.05.2025'\n"
              },
              "uuid": "28f0c4c8-3b27-4eeb-b6ab-bfc2f59d641b",
              "parentUUID": "28cb6953-6ec7-4a86-b727-8e9da60ed426",
              "isHook": false,
              "skipped": false
            }
          ],
          "suites": [],
          "passes": [],
          "failures": [
            "28f0c4c8-3b27-4eeb-b6ab-bfc2f59d641b"
          ],
          "pending": [],
          "skipped": [],
          "duration": 24197,
          "root": false,
          "rootEmpty": false,
          "_timeout": 2000
        }
      ],
      "passes": [],
      "failures": [],
      "pending": [],
      "skipped": [],
      "duration": 0,
      "root": true,
      "rootEmpty": true,
      "_timeout": 2000
    }
  ],
  "meta": {
    "mocha": {
      "version": "7.0.1"
    },
    "mochawesome": {
      "options": {
        "quiet": false,
        "reportFilename": "mochawesome",
        "saveHtml": true,
        "saveJson": true,
        "consoleReporter": "spec",
        "useInlineDiffs": false,
        "code": true
      },
      "version": "7.1.3"
    },
    "marge": {
      "options": {
        "reportDir": "cypress/reports",
        "overwrite": false,
        "html": true,
        "json": true,
        "embeddedScreenshots": true,
        "inlineAssets": true
      },
      "version": "6.2.0"
    }
  }
}