{
  "stats": {
    "suites": 1,
    "tests": 1,
    "passes": 0,
    "pending": 0,
    "failures": 1,
    "start": "2025-05-14T06:42:09.913Z",
    "end": "2025-05-14T06:42:41.340Z",
    "duration": 31427,
    "testsRegistered": 1,
    "passPercent": 0,
    "pendingPercent": 0,
    "other": 0,
    "hasOther": false,
    "skipped": 0,
    "hasSkipped": false
  },
  "results": [
    {
      "uuid": "9abfb813-72ab-4b18-822e-11b56462ca0f",
      "title": "",
      "fullFile": "cypress\\e2e\\online.cy.js",
      "file": "cypress\\e2e\\online.cy.js",
      "beforeHooks": [],
      "afterHooks": [],
      "tests": [],
      "suites": [
        {
          "uuid": "1dc92684-029a-44f7-87eb-5090f9e876cc",
          "title": "Testy TSS monitoringu",
          "fullFile": "",
          "file": "",
          "beforeHooks": [],
          "afterHooks": [],
          "tests": [
            {
              "title": "Kontrola noviniek na stránke",
              "fullTitle": "Testy TSS monitoringu Kontrola noviniek na stránke",
              "timedOut": null,
              "duration": 31017,
              "state": "failed",
              "speed": null,
              "pass": false,
              "fail": true,
              "pending": false,
              "context": null,
              "code": "// Handle news modal if present\ncy.get('body').then($body => {\n  if ($body.find('#id_news_users_modal_content').length > 0) {\n    cy.get('#id_news_users_modal_content').should('be.visible');\n    cy.get('.confirm-modal-close').click();\n  } else {\n    cy.log('#id_news_users_modal_content not found');\n  }\n});\n// Search and navigation\ncy.get(\"#main_menu_search\").should(\"be.visible\").and(\"have.attr\", \"placeholder\", \"Vyhľadávanie\").type(\"Online\");\ncy.get(\"#main-menu-wrapper\").children().should('have.length', 3);\ncy.get(\".fa-remove\").should(\"be.visible\").and(\"have.attr\", \"onclick\", \"clear_search_bar();\").click();\ncy.get(\"#main-menu-wrapper li.favorites > a\").should(\"have.text\", \"Obľúbené\").and('have.css', 'background-color', 'rgb(89, 89, 89)');\n// Verify and click \"Online\" menu\ncy.get('#li-online-menu').then($el => {\n  const outerText = $el[0].outerText;\n  expect(outerText).to.equal('Online');\n});\ncy.get('#li-online-menu').click();\n// Verify GPS map and search functionality\ncy.get('#gps_map_main').should(\"be.visible\").children().should(\"have.length\", 3);\ncy.get(\"#gps_map_main\").click();\ncy.get('#units-online-search').should(\"have.attr\", \"placeholder\", \"Hľadať vozidlo / osobu\").type(\"942DE\");\n// Intercept and validate API call\ncy.intercept({\n  method: 'POST',\n  url: \"https://www.tssmonitoring.sk/api/v1.3/onlines/events.json?f=onlines_events&callback=jQuery*\"\n}).as(\"apiRequest\");\ncy.contains(\"Opel Insignia\").click();\ncy.wait('@apiRequest').then(interception => {\n  assert.isNotNull(interception.response.body, 'API response is not null');\n  expect(interception.response.statusCode).to.equal(200);\n});\n// Calendar interaction\ncy.get('#units-drives-calendar-toggle > .fa-calendar').should(\"be.visible\").click();\ncy.get('#units-drives-calendar-toggle-datepicker-calendar-parent > .daterangepicker').should(\"be.visible\");\ncy.get('.left > .calendar-table > .table-condensed > thead > :nth-child(1) > .month > .monthselect').select(2);\ncy.get(\"#units-online-title\").should(\"be.visible\").and(\"have.text\", \"Späť na všetky vozidlá\").and(\"have.css\", \"background-color\", \"rgb(233, 30, 99)\");\n// Intercept and validate another API call\ncy.intercept({\n  method: 'POST',\n  url: \"https://www.tssmonitoring.sk/api/v1.3/userGrids/read.json?f=userGrids_read&callback=jQuery*\"\n}).as(\"apiRequest\");\ncy.get('#gps_units_online_new').click();\ncy.wait('@apiRequest').then(interception => {\n  assert.isNotNull(interception.response.body, 'API response is not null');\n  expect(interception.response.statusCode).to.equal(200);\n});\n// Verify and interact with filters and columns\ncy.get('#gps_units_online_new_main_button_refresh').then($el => {\n  const outerText = $el[0].outerText;\n  expect(outerText).to.equal(\" Obnoviť\");\n});\ncy.get('#gps_units_online_new_filter_IGN').children().should(\"have.length\", 4);\ncy.get(\"#gps_units_online_new_filter_inspections\").children().should(\"have.length\", 5);\ncy.get('#gps_units_online_new_columns').then($el => {\n  const outerText = $el[0].outerText;\n  expect(outerText).to.equal(\" Vyp./Zap. stĺpce\");\n  $el.click();\n});\ncy.get('#gps_units_online_new_column_chooser_modal').should(\"be.visible\").children().should(\"have.length\", 4).and(\"have.css\", \"background-color\", \"rgba(0, 0, 0, 0)\");\ncy.get('#gps_units_online_new_column_chooser_ul_left').should(\"be.visible\").children().should(\"have.length\", 12);\ncy.get('#gps_units_online_new_column_chooser_ul_right').should(\"be.visible\").children().should(\"have.length\", 12);\ncy.get('#gps_units_online_new_close_column_chooser_modal > .fa').click();\n// Verify map and driver details\ncy.get('[data-search=\"#E91E63\"]').click();\ncy.get('#gps_units_online_new_table').find(\".fa-globe\").eq(1).click();\ncy.get('#gps_units_online_new_map').should(\"be.visible\");\ncy.get('#gps_units_online_new_info').should(\"be.visible\");\ncy.get('#gps_units_online_new_info > :nth-child(2)').should(\"be.visible\").and(\"have.text\", \"EČV : IL 942DE\");\ncy.get('#gps_units_online_new_info > :nth-child(3)').should(\"be.visible\").and(\"have.text\", \"Meno vodiča : test\");\ncy.get('#gps_units_online_new_close_map > .fa').click();",
              "err": {
                "message": "AssertionError: Timed out retrying after 4000ms: expected '<div>' to have text 'EČV : IL 942DE', but the text was 'EČV : IL 942DE '",
                "estack": "AssertionError: Timed out retrying after 4000ms: expected '<div>' to have text 'EČV : IL 942DE', but the text was 'EČV : IL 942DE '\n    at Context.eval (webpack:///./cypress/e2e/online.cy.js:167:11)",
                "diff": "- 'EČV : IL 942DE '\n+ 'EČV : IL 942DE'\n"
              },
              "uuid": "4c2f0ba9-08f7-4dc8-9795-b2c11c2065a8",
              "parentUUID": "1dc92684-029a-44f7-87eb-5090f9e876cc",
              "isHook": false,
              "skipped": false
            }
          ],
          "suites": [],
          "passes": [],
          "failures": [
            "4c2f0ba9-08f7-4dc8-9795-b2c11c2065a8"
          ],
          "pending": [],
          "skipped": [],
          "duration": 31017,
          "root": false,
          "rootEmpty": false,
          "_timeout": 2000
        }
      ],
      "passes": [],
      "failures": [],
      "pending": [],
      "skipped": [],
      "duration": 0,
      "root": true,
      "rootEmpty": true,
      "_timeout": 2000
    }
  ],
  "meta": {
    "mocha": {
      "version": "7.0.1"
    },
    "mochawesome": {
      "options": {
        "quiet": false,
        "reportFilename": "mochawesome",
        "saveHtml": true,
        "saveJson": true,
        "consoleReporter": "spec",
        "useInlineDiffs": false,
        "code": true
      },
      "version": "7.1.3"
    },
    "marge": {
      "options": {
        "reportDir": "cypress/reports",
        "overwrite": false,
        "html": true,
        "json": true,
        "embeddedScreenshots": true,
        "inlineAssets": true
      },
      "version": "6.2.0"
    }
  }
}