{
  "stats": {
    "suites": 0,
    "tests": 1,
    "passes": 1,
    "pending": 0,
    "failures": 0,
    "start": "2025-04-25T11:26:33.724Z",
    "end": "2025-04-25T11:26:33.833Z",
    "duration": 109,
    "testsRegistered": 1,
    "passPercent": 100,
    "pendingPercent": 0,
    "other": 0,
    "hasOther": false,
    "skipped": 0,
    "hasSkipped": false
  },
  "results": [
    {
      "uuid": "1920191b-7cf0-4d60-8872-de98cb36eeca",
      "title": "",
      "fullFile": "cypress\\e2e\\Login test.cy.js",
      "file": "cypress\\e2e\\Login test.cy.js",
      "beforeHooks": [],
      "afterHooks": [],
      "tests": [
        {
          "title": "Login",
          "fullTitle": "Login",
          "timedOut": null,
          "duration": 49,
          "state": "passed",
          "speed": "fast",
          "pass": true,
          "fail": false,
          "pending": false,
          "context": null,
          "code": "//kontrola viditeľnosti elementov a ich textu\ncy.get('body').then($body => {\n  if ($body.find('#id_news_users_modal_content').length > 0) {\n    // element existuje urobím assertion a odkliknem novinky\n    cy.get('#id_news_users_modal_content').should('be.visible');\n    cy.get('.confirm-modal-close').click();\n  } else {\n    // element sa na stránke nenachádza , test pokračuje ďalej \n    cy.log('#id_news_users_modal_content');\n  }\n  ;\n});",
          "err": {},
          "uuid": "a7c80435-9743-4418-b317-56249caf6991",
          "parentUUID": "1920191b-7cf0-4d60-8872-de98cb36eeca",
          "isHook": false,
          "skipped": false
        }
      ],
      "suites": [],
      "passes": [
        "a7c80435-9743-4418-b317-56249caf6991"
      ],
      "failures": [],
      "pending": [],
      "skipped": [],
      "duration": 49,
      "root": true,
      "rootEmpty": false,
      "_timeout": 2000
    }
  ],
  "meta": {
    "mocha": {
      "version": "7.0.1"
    },
    "mochawesome": {
      "options": {
        "quiet": false,
        "reportFilename": "mochawesome",
        "saveHtml": false,
        "saveJson": true,
        "consoleReporter": "spec",
        "useInlineDiffs": false,
        "code": true
      },
      "version": "7.1.3"
    },
    "marge": {
      "options": {
        "reportDir": "cypress/reports",
        "overwrite": false,
        "html": false,
        "json": true
      },
      "version": "6.2.0"
    }
  }
}