{
  "stats": {
    "suites": 1,
    "tests": 1,
    "passes": 1,
    "pending": 0,
    "failures": 0,
    "start": "2025-04-25T13:08:08.621Z",
    "end": "2025-04-25T13:08:58.156Z",
    "duration": 49535,
    "testsRegistered": 1,
    "passPercent": 100,
    "pendingPercent": 0,
    "other": 0,
    "hasOther": false,
    "skipped": 0,
    "hasSkipped": false
  },
  "results": [
    {
      "uuid": "bad2db59-6941-4f4f-96d6-804da37a005e",
      "title": "",
      "fullFile": "cypress\\e2e\\Reservations.cy.js",
      "file": "cypress\\e2e\\Reservations.cy.js",
      "beforeHooks": [],
      "afterHooks": [],
      "tests": [],
      "suites": [
        {
          "uuid": "ff52181c-ae3b-4b24-998b-30897bb292a8",
          "title": "Testy TSS monitoringu",
          "fullFile": "",
          "file": "",
          "beforeHooks": [],
          "afterHooks": [],
          "tests": [
            {
              "title": "Vytvorenie rezervácie vozidla",
              "fullTitle": "Testy TSS monitoringu Vytvorenie rezervácie vozidla",
              "timedOut": null,
              "duration": 49212,
              "state": "passed",
              "speed": "slow",
              "pass": true,
              "fail": false,
              "pending": false,
              "context": null,
              "code": "//kontrola vytvorenia rezervácie vozidla a jej editácia a schválenie\ncy.get('#li-rentcar > [href=\"javascript:;\"]').should(\"be.visible\").and(\"have.text\", \"Rezervačný systém\").click();\ncy.get('#rent_cars_my_requests_v2').should(\"be.visible\").and(\"have.text\", \"Autopožičovňa - moje žia...\").click();\ncy.get('#rent_cars_my_requests_v2_panel > section.box > .panel_header > .title').should(\"be.visible\").and(\"have.text\", \"Správa mojich žiadostí\");\ncy.get('#filter_timeline_calendar_rent_cars_my_requests_v2-checkbox > .form-label').should(\"have.text\", \"Časová os\").and(\"be.visible\");\ncy.get('#filter_calendar_rent_cars_my_requests_v2-checkbox > .form-label').should(\"have.text\", \"Kalendár\").and(\"be.visible\");\ncy.get('#filter_date_rent_cars_my_requests_v2-checkbox > .form-label').should(\"have.text\", \"Filter podľa dátumu\").and(\"be.visible\");\ncy.get('#rent_cars_my_requests_v2_button').invoke('text').then(text => {\n  expect(text.trim()).to.eq('Vytvoriť novú žiadosť'); // Očakávaná hodnota\n});\ncy.get('#div_filter_for_rent_cars_my_requests_v2_container_general_span').should(\"be.visible\");\ncy.intercept({\n  method: 'GET',\n  url: \"https://www.tssmonitoring.sk/api/v1.3/Profiles/getList/basic/pk_profile_id/5451e151-e69f-42fd-a178-79b669c92957.json?f=Profiles_getList&callback=jQuery*\"\n}).as(\"apiRequest\");\ncy.get('#rent_cars_my_requests_v2_button_0').click();\ncy.wait('@apiRequest').then(interception => {\n  assert.isNotNull(interception.response.body, 'API response is not null');\n  expect(interception.response.statusCode).to.equal(200);\n});\ncy.get('.modal-title').should(\"be.visible\").and(\"have.text\", \"Vytvorenie novej položky\");\ncy.get('#edit_rent_cars_driver_id-search > .form-label').should(\"be.visible\").and(\"have.text\", \"Vodiči\");\ncy.get('#edit_rent_cars_drive_approver-component > .form-label').should(\"be.visible\").and(\"have.text\", \"Schvaľovateľ\");\ncy.get('#select2-edit_rent_cars_drive_approver-container').scrollIntoView().should(\"be.visible\");\ncy.get('#edit_rent_cars_location-component > .form-label').scrollIntoView().should(\"be.visible\").and(\"have.text\", \"Stredisko / Lokalita\");\ncy.get('#select2-edit_rent_cars_location-container').scrollIntoView().should(\"be.visible\");\ncy.get('#edit_rent_cars_mail-helptext > :nth-child(2)').scrollIntoView().should(\"be.visible\").and(\"have.text\", \"E-mail pre informáciu o stave žiadosti\");\ncy.get('#edit_rent_cars_mail').scrollIntoView().should(\"be.visible\").and(\"have.value\", \"zilka@tssgroup.sk\");\ncy.get('#edit_rent_cars_date-component > .form-label').scrollIntoView().should(\"be.visible\").and(\"have.text\", \"Dátum požičania\");\nconst currentDate = new Date();\nconst formattedTime = currentDate.toLocaleString('sk-SK', {\n  day: '2-digit',\n  month: '2-digit',\n  year: 'numeric',\n  hour: '2-digit',\n  minute: '2-digit'\n});\nconst expectedDate = moment().format('DD.MM.YYYY'); // Aktuálny dátum\ncy.get('#edit_rent_cars_date').should(\"be.visible\").and(\"have.value\", expectedDate);\ncy.get('#edit_rent_cars_time').should(\"be.visible\").and(\"have.value\", \"00:00\");\ncy.get('#edit_rent_cars_date_return-component > .form-label').should(\"be.visible\").and(\"have.text\", \"Dátum vrátenia\");\ncy.get('#edit_rent_cars_date_return').should(\"be.visible\").and(\"have.value\", expectedDate);\ncy.get('#edit_rent_cars_time_return-component > .form-label').should(\"be.visible\").and(\"have.text\", \"Čas vrátenia\");\ncy.get('#edit_rent_cars_time_return').should(\"be.visible\").and(\"have.value\", \"00:00\");\ncy.get('#edit_rent_cars_destination-helptext > :nth-child(2)').scrollIntoView().should(\"be.visible\").and(\"have.text\", \"Cieľ jazdy\");\ncy.get('#edit_rent_cars_destination').scrollIntoView().should(\"be.visible\");\ncy.get('#edit_rent_cars_drive_number_passengers-helptext > :nth-child(2)').scrollIntoView().should(\"be.visible\").and(\"have.text\", \"Počet pasažierov\");\ncy.get('#edit_rent_cars_drive_number_passengers-helptext > :nth-child(2)').should(\"be.visible\");\ncy.get('#edit_rent_cars_drive_number_purpose_driving-helptext > :nth-child(2)').scrollIntoView().should(\"be.visible\").and(\"have.text\", \"Účel jazdy\");\ncy.get('#edit_rent_cars_drive_number_purpose_driving').scrollIntoView().should(\"be.visible\");\ncy.get('#edit_rent_cars_unit-search > .form-label').scrollIntoView().should(\"be.visible\").and(\"have.text\", \"Vyberte vozidlo\");\ncy.get('#edit_rent_cars_unit').scrollIntoView().should(\"be.visible\");\ncy.get('#edit_rent_cars_drive_approve_state-component > .form-label').should(\"be.visible\").and(\"have.text\", \"Schváliť / zamietnuť\");\ncy.get('#edit_rent_cars_drive_approve_state-component > .form-label').scrollIntoView().should(\"be.visible\");\ncy.get('#edit_rent_cars_drive_note-component > .form-label').should(\"be.visible\").and(\"have.text\", \"Poznámka\");\ncy.get('#edit_rent_cars_drive_number_estimated_distance-helptext > :nth-child(2)').scrollIntoView().should(\"be.visible\").and(\"have.text\", \"Odhadovaná vzdialenosť (km)\");\ncy.get('#edit_rent_cars_drive_number_estimated_distance').scrollIntoView().should(\"be.visible\");\ncy.get('#edit_rent_cars_drive_note').scrollIntoView().should(\"be.visible\");\n//rezervácia s pozitívnym výsledkom\ncy.get('#select2-edit_rent_cars_drive_approver-container').scrollIntoView().should(\"be.visible\").click();\ncy.get(\"#select2-edit_rent_cars_drive_approver-results\").should(\"be.visible\").click();\ncy.get('#edit_rent_cars_destination').scrollIntoView().should(\"be.visible\").type(\"Práca\");\ncy.get('#edit_rent_cars_drive_number_passengers').scrollIntoView().should(\"be.visible\").type(\"2\");\ncy.get('#edit_rent_cars_drive_number_purpose_driving').scrollIntoView().should(\"be.visible\").type(\"Testovací účel jazdy vytvorený pomocou Cypress\");\ncy.get('#edit_rent_cars_drive_note').scrollIntoView().should(\"be.visible\").type(\"Testovacia rezervácia vytvorená pomocou Cypress\");\ncy.get('#select2-edit_rent_cars_location-container').scrollIntoView().should(\"be.visible\").click();\ncy.get(\"#select2-edit_rent_cars_location-results > :nth-child(3)\").click();\ncy.get('#edit_rent_cars_time').scrollIntoView().should(\"be.visible\").type(\"22:00\");\ncy.get('#edit_rent_cars_time_return').scrollIntoView().should(\"be.visible\").type(\"23:00\");\ncy.get('#edit_rent_cars_unit').scrollIntoView().should(\"be.visible\").click();\ncy.get('#search_grid_units_table_filter > label > input').should(\"be.visible\").type(\"IL 942DE\");\ncy.get('#search_grid_units_table > tbody > .odd > :nth-child(2)').should(\"be.visible\").and(\"have.text\", \"Opel Insignia\").click();\ncy.get('#edit_rent_cars_unit').scrollIntoView().should(\"be.visible\").and(\"have.value\", \"IL 942DE\");\ncy.intercept({\n  method: 'POST',\n  url: \"https://www.tssmonitoring.sk/api/v1.3/RentCars/create.json?f=RentCars_create&callback=jQuery*\"\n}).as(\"apiRequest\");\ncy.get('#modal-success').scrollIntoView().should(\"be.visible\").click();\ncy.wait('@apiRequest').then(interception => {\n  assert.isNotNull(interception.response.body, 'API response is not null');\n  expect(interception.response.statusCode).to.equal(200);\n});\ncy.wait(3200);\ncy.get('#rent_cars_requests_for_me_v2').scrollIntoView().click();\ncy.get('#rent_cars_requests_for_me_v2_table > tbody > :nth-child(1) > .dt-center').scrollIntoView();\ncy.get('#rent_cars_requests_for_me_v2_table > tbody > :nth-child(1) > .dt-center > :nth-child(2)').scrollIntoView().click();\ncy.get('#edit_rent_cars_driver_id').scrollIntoView().should(\"be.visible\").and(\"have.value\", \"test mza mza\");\ncy.get('#edit_rent_cars_date').scrollIntoView().should(\"be.visible\").and(\"have.value\", expectedDate);\ncy.get('#edit_rent_cars_date_return').scrollIntoView().should(\"be.visible\").and(\"have.value\", expectedDate);\ncy.get('#edit_rent_cars_unit').scrollIntoView().should(\"be.visible\").and(\"have.value\", \"IL 942DE // Opel Insignia\");\ncy.get('#edit_rent_cars_drive_number_purpose_driving').scrollIntoView().should(\"be.visible\").and(\"have.value\", \"Testovací účel jazdy vytvorený pomocou Cypress\");\ncy.get('#edit_rent_cars_drive_note').scrollIntoView().should(\"be.visible\").and(\"have.value\", \"Testovacia rezervácia vytvorená pomocou Cypress\");\ncy.get('#select2-edit_rent_cars_drive_approve_state-container').scrollIntoView().should(\"be.visible\").click();\ncy.get(\"#select2-edit_rent_cars_drive_approve_state-results > :nth-child(2)\").should(\"be.visible\").and(\"have.text\", \"Zamietnuté\").click();\ncy.get('#modal-success').scrollIntoView().should(\"be.visible\").click();\n//rezervácia s negatívnym výsledkom\ncy.get('#rent_cars_my_requests_v2').scrollIntoView().click();\ncy.intercept({\n  method: 'GET',\n  url: \"https://www.tssmonitoring.sk/api/v1.3/Profiles/getList/basic/pk_profile_id/5451e151-e69f-42fd-a178-79b669c92957.json?f=Profiles_getList&callback=jQuery*\"\n}).as(\"apiRequest\");\ncy.get('#rent_cars_my_requests_v2_button_0').click();\ncy.wait('@apiRequest').then(interception => {\n  assert.isNotNull(interception.response.body, 'API response is not null');\n  expect(interception.response.statusCode).to.equal(200);\n});\ncy.get('#select2-edit_rent_cars_drive_approver-container').scrollIntoView().should(\"be.visible\").click();\ncy.get(\"#select2-edit_rent_cars_drive_approver-results\").should(\"be.visible\");\ncy.get('#edit_rent_cars_destination').scrollIntoView().should(\"be.visible\").type(\"Práca\");\ncy.get('#edit_rent_cars_drive_number_passengers').scrollIntoView().should(\"be.visible\").type(\"2\");\ncy.get('#edit_rent_cars_drive_number_purpose_driving').scrollIntoView().should(\"be.visible\");\ncy.get('#edit_rent_cars_drive_note').scrollIntoView().should(\"be.visible\");\ncy.get('#select2-edit_rent_cars_location-container').scrollIntoView().should(\"be.visible\").click();\ncy.get(\"#select2-edit_rent_cars_location-results > :nth-child(3)\").click();\ncy.get('#edit_rent_cars_time').scrollIntoView().should(\"be.visible\").type(\"22:00\");\ncy.get('#edit_rent_cars_time_return').scrollIntoView().should(\"be.visible\").type(\"23:00\");\ncy.get('#edit_rent_cars_unit').scrollIntoView().should(\"be.visible\").click();\ncy.get('#search_grid_units_table_filter > label > input').should(\"be.visible\").type(\"IL 942DE\");\ncy.get('#search_grid_units_table > tbody > .odd > :nth-child(2)').should(\"be.visible\").and(\"have.text\", \"Opel Insignia\").click();\ncy.get('#edit_rent_cars_unit').scrollIntoView().should(\"be.visible\").and(\"have.value\", \"IL 942DE\");\ncy.intercept({\n  method: 'POST',\n  url: \"https://www.tssmonitoring.sk/api/v1.3/RentCars/create.json?f=RentCars_create&callback=jQuery*\"\n}).as(\"reservationRequest\");\ncy.get('#modal-success').scrollIntoView().should(\"be.visible\").click();\ncy.wait('@reservationRequest').then(interception => {\n  cy.parseJsonpResponse(interception).then(parsedResponse => {\n    const errorsString = parsedResponse.response.data.error;\n    // Rozdelenie chýb podľa bodkočiarok\n    const errorsArray = errorsString.split(';').filter(Boolean); // .filter(Boolean) odstráni prázdne položky\n    // Overenie očakávaných chýb\n    expect(errorsArray).to.include('APPROVER_ERROR_CODE');\n    expect(errorsArray).to.include('DESTINATION_ERROR_CODE');\n    expect(errorsArray).to.include('PURPOSE_ERROR_CODE');\n    // Overenie počtu chýb\n    expect(errorsArray.length).to.equal(3);\n  });\n});",
              "err": {},
              "uuid": "71a722a9-b8bc-4613-9f5a-f214f2690095",
              "parentUUID": "ff52181c-ae3b-4b24-998b-30897bb292a8",
              "isHook": false,
              "skipped": false
            }
          ],
          "suites": [],
          "passes": [
            "71a722a9-b8bc-4613-9f5a-f214f2690095"
          ],
          "failures": [],
          "pending": [],
          "skipped": [],
          "duration": 49212,
          "root": false,
          "rootEmpty": false,
          "_timeout": 2000
        }
      ],
      "passes": [],
      "failures": [],
      "pending": [],
      "skipped": [],
      "duration": 0,
      "root": true,
      "rootEmpty": true,
      "_timeout": 2000
    }
  ],
  "meta": {
    "mocha": {
      "version": "7.0.1"
    },
    "mochawesome": {
      "options": {
        "quiet": false,
        "reportFilename": "mochawesome",
        "saveHtml": false,
        "saveJson": true,
        "consoleReporter": "spec",
        "useInlineDiffs": false,
        "code": true
      },
      "version": "7.1.3"
    },
    "marge": {
      "options": {
        "reportDir": "cypress/reports",
        "overwrite": false,
        "html": false,
        "json": true,
        "embeddedScreenshots": true,
        "inlineAssets": true
      },
      "version": "6.2.0"
    }
  }
}